[14-Oct-2016 07:58:49 UTC] mail() on [/home/magec/public_html/lib/Zend/Mail/Transport/Sendmail.php:128]: To: =?utf-8?B?bWFuanUuc29mdHByb2RpZ3lAZ21haWwuY29tIG1hbmp1LnNvZnRwcm9kaWd5QGdtYWlsLmNvbQ==?= <manju.softprodigy@gmail.com> -- Headers: From: Chidiyaa <hello@chidiyaa.com> Date: Fri, 14 Oct 2016 07:58:49 +0000 Content-Type: text/html; charset=utf-8 Content-Transfer-Encoding: quoted-printable Content-Disposition: inline MIME-Version: 1.0
[14-Oct-2016 08:05:33 UTC] mail() on [/home/magec/public_html/lib/Zend/Mail/Transport/Sendmail.php:128]: To: =?utf-8?B?bWFuanUuc29mdHByb2RpZ3kxQGdtYWlsLmNvbSBtYW5qdS5zb2Z0cHJvZGlneTFAZ21haWwuY29t?= <manju.softprodigy1@gmail.com> -- Headers: From: Chidiyaa <hello@chidiyaa.com> Date: Fri, 14 Oct 2016 08:05:33 +0000 Content-Type: text/html; charset=utf-8 Content-Transfer-Encoding: quoted-printable Content-Disposition: inline MIME-Version: 1.0
[14-Oct-2016 08:14:48 UTC] mail() on [/home/magec/public_html/lib/Zend/Mail/Transport/Sendmail.php:128]: To: =?utf-8?B?dGVzdEBnbWFpbC5jb20gdGVzdEBnbWFpbC5jb20=?= <test@gmail.com> -- Headers: From: Chidiyaa <hello@chidiyaa.com> Date: Fri, 14 Oct 2016 08:14:48 +0000 Content-Type: text/html; charset=utf-8 Content-Transfer-Encoding: quoted-printable Content-Disposition: inline MIME-Version: 1.0
[14-Oct-2016 10:18:09 UTC] mail() on [/home/magec/public_html/lib/Zend/Mail/Transport/Sendmail.php:128]: To: =?utf-8?B?bWFuanVfY2hhdWhhbkBzb2Z0cHJvZGlneS5jb20gbWFuanVfY2hhdWhhbkBzb2Z0cHJvZGlneS5jb20=?= <manju_chauhan@softprodigy.com> -- Headers: From: Chidiyaa <hello@chidiyaa.com> Date: Fri, 14 Oct 2016 10:18:09 +0000 Content-Type: text/html; charset=utf-8 Content-Transfer-Encoding: quoted-printable Content-Disposition: inline MIME-Version: 1.0
[14-Oct-2016 10:32:55 UTC] mail() on [/home/magec/public_html/lib/Zend/Mail/Transport/Sendmail.php:128]: To: =?utf-8?B?bWFuanVfY2hhdWhhbkBzb2Z0cHJvZGlneS5jb20gbWFuanVfY2hhdWhhbkBzb2Z0cHJvZGlneS5jb20=?= <manju_chauhan@softprodigy.com> -- Headers: From: Chidiyaa <hello@chidiyaa.com> Date: Fri, 14 Oct 2016 10:32:55 +0000 Content-Type: text/html; charset=utf-8 Content-Transfer-Encoding: quoted-printable Content-Disposition: inline MIME-Version: 1.0
[14-Oct-2016 11:46:33 UTC] mail() on [/home/magec/public_html/lib/Zend/Mail/Transport/Sendmail.php:128]: To: =?utf-8?B?ZG9uZXRpYW4ucGV0a292QHNpdGVncm91bmQuY29tIGRvbmV0aWFuLnBldGtvdkBzaXRlZ3JvdW5kLmNvbQ==?= <donetian.petkov@siteground.com> -- Headers: From: Chidiyaa <hello@chidiyaa.com> Date: Fri, 14 Oct 2016 11:46:33 +0000 Content-Type: text/html; charset=utf-8 Content-Transfer-Encoding: quoted-printable Content-Disposition: inline MIME-Version: 1.0
mail() on [/home/magec/public_html/lib/Zend/Mail/Transport/Sendmail.php:128]: To: =?utf-8?B?ZG9uZXRpYW4ucGV0a292QHNpdGVncm91bmQuY29tIGRvbmV0aWFuLnBldGtvdkBzaXRlZ3JvdW5kLmNvbQ==?= <donetian.petkov@siteground.com> -- Headers: From: Chidiyaa <hello@chidiyaa.com> Date: Fri, 14 Oct 2016 11:57:08 +0000 Content-Type: text/html; charset=utf-8 Content-Transfer-Encoding: quoted-printable Content-Disposition: inline MIME-Version: 1.0
mail() on [/home/magec/public_html/lib/Zend/Mail/Transport/Sendmail.php:128]: To: =?utf-8?B?ZG9uZXRpYW4ucGV0a292QHNpdGVncm91bmQuY29tIGRvbmV0aWFuLnBldGtvdkBzaXRlZ3JvdW5kLmNvbQ==?= <donetian.petkov@siteground.com> -- Headers: From: Chidiyaa <hello@chidiyaa.com> Date: Fri, 14 Oct 2016 11:59:37 +0000 Content-Type: text/html; charset=utf-8 Content-Transfer-Encoding: quoted-printable Content-Disposition: inline MIME-Version: 1.0
mail() on [/home/magec/public_html/lib/Zend/Mail/Transport/Sendmail.php:128]: To: =?utf-8?B?ZG9uZXRpYW4ucGV0a292QHNpdGVncm91bmQuY29tIGRvbmV0aWFuLnBldGtvdkBzaXRlZ3JvdW5kLmNvbQ==?= <donetian.petkov@siteground.com> -- Headers: From: Chidiyaa <hello@chidiyaa.com> Date: Fri, 14 Oct 2016 12:01:36 +0000 Content-Type: text/html; charset=utf-8 Content-Transfer-Encoding: quoted-printable Content-Disposition: inline MIME-Version: 1.0
mail() on [/home/magec/public_html/lib/Zend/Mail/Transport/Sendmail.php:128]: To: =?utf-8?B?ZG9uZXRpYW4ucGV0a292QHNpdGVncm91bmQuY29tIGRvbmV0aWFuLnBldGtvdkBzaXRlZ3JvdW5kLmNvbQ==?= <donetian.petkov@siteground.com> -- Headers: From: Chidiyaa <hello@chidiyaa.com> Date: Fri, 14 Oct 2016 12:03:25 +0000 Content-Type: text/html; charset=utf-8 Content-Transfer-Encoding: quoted-printable Content-Disposition: inline MIME-Version: 1.0
mail() on [/home/magec/public_html/lib/Zend/Mail/Transport/Sendmail.php:128]: To: =?utf-8?B?ZG9uZXRpYW4ucGV0a292QHNpdGVncm91bmQuY29tIGRvbmV0aWFuLnBldGtvdkBzaXRlZ3JvdW5kLmNvbQ==?= <donetian.petkov@siteground.com> -- Headers: From: Chidiyaa <hello@chidiyaa.com> Date: Fri, 14 Oct 2016 12:05:22 +0000 Content-Type: text/html; charset=utf-8 Content-Transfer-Encoding: quoted-printable Content-Disposition: inline MIME-Version: 1.0
mail() on [/home/magec/public_html/lib/Zend/Mail/Transport/Sendmail.php:128]: To: =?utf-8?B?ZG9uZXRpYW4ucGV0a292QHNpdGVncm91bmQuY29tIGRvbmV0aWFuLnBldGtvdkBzaXRlZ3JvdW5kLmNvbQ==?= <donetian.petkov@siteground.com> -- Headers: From: Chidiyaa <hello@chidiyaa.com> Date: Fri, 14 Oct 2016 12:08:08 +0000 Content-Type: text/html; charset=utf-8 Content-Transfer-Encoding: quoted-printable Content-Disposition: inline MIME-Version: 1.0
mail() on [/home/magec/public_html/lib/Zend/Mail/Transport/Sendmail.php:128]: To: =?utf-8?B?ZG9uZXRpYW4ucGV0a292QHNpdGVncm91bmQuY29tIGRvbmV0aWFuLnBldGtvdkBzaXRlZ3JvdW5kLmNvbQ==?= <donetian.petkov@siteground.com> -- Headers: From: Chidiyaa <hello@chidiyaa.com> Date: Fri, 14 Oct 2016 12:10:48 +0000 Content-Type: text/html; charset=utf-8 Content-Transfer-Encoding: quoted-printable Content-Disposition: inline MIME-Version: 1.0
mail() on [/home/magec/public_html/lib/Zend/Mail/Transport/Sendmail.php:128]: To: =?utf-8?B?ZG9uZXRpYW4ucGV0a292QHNpdGVncm91bmQuY29tIGRvbmV0aWFuLnBldGtvdkBzaXRlZ3JvdW5kLmNvbQ==?= <donetian.petkov@siteground.com> -- Headers: From: Chidiyaa <hello@chidiyaa.com> Date: Fri, 14 Oct 2016 12:12:07 +0000 Content-Type: text/html; charset=utf-8 Content-Transfer-Encoding: quoted-printable Content-Disposition: inline MIME-Version: 1.0
mail() on [/home/magec/public_html/lib/Zend/Mail/Transport/Sendmail.php:128]: To: =?utf-8?B?ZG9uZXRpYW4ucGV0a292QHNpdGVncm91bmQuY29tIGRvbmV0aWFuLnBldGtvdkBzaXRlZ3JvdW5kLmNvbQ==?= <donetian.petkov@siteground.com> -- Headers: From: Chidiyaa <hello@chidiyaa.com> Date: Fri, 14 Oct 2016 12:13:19 +0000 Content-Type: text/html; charset=utf-8 Content-Transfer-Encoding: quoted-printable Content-Disposition: inline MIME-Version: 1.0
mail() on [/home/magec/public_html/lib/Zend/Mail/Transport/Sendmail.php:128]: To: =?utf-8?B?ZG9uZXRpYW4ucGV0a292QHNpdGVncm91bmQuY29tIGRvbmV0aWFuLnBldGtvdkBzaXRlZ3JvdW5kLmNvbQ==?= <donetian.petkov@siteground.com> -- Headers: From: Chidiyaa <hello@chidiyaa.com> Date: Fri, 14 Oct 2016 12:15:06 +0000 Content-Type: text/html; charset=utf-8 Content-Transfer-Encoding: quoted-printable Content-Disposition: inline MIME-Version: 1.0
mail() on [/home/magec/public_html/lib/Zend/Mail/Transport/Sendmail.php:128]: To: =?utf-8?B?ZG9uZXRpYW4ucGV0a292QHNpdGVncm91bmQuY29tIGRvbmV0aWFuLnBldGtvdkBzaXRlZ3JvdW5kLmNvbQ==?= <donetian.petkov@siteground.com> -- Headers: From: Chidiyaa <hello@chidiyaa.com> Date: Fri, 14 Oct 2016 12:16:05 +0000 Content-Type: text/html; charset=utf-8 Content-Transfer-Encoding: quoted-printable Content-Disposition: inline MIME-Version: 1.0
mail() on [/home/magec/public_html/lib/Zend/Mail/Transport/Sendmail.php:128]: To: =?utf-8?B?ZG9uZXRpYW4ucGV0a292QHNpdGVncm91bmQuY29tIGRvbmV0aWFuLnBldGtvdkBzaXRlZ3JvdW5kLmNvbQ==?= <donetian.petkov@siteground.com> -- Headers: From: Chidiyaa <hello@chidiyaa.com> Date: Fri, 14 Oct 2016 12:18:02 +0000 Content-Type: text/html; charset=utf-8 Content-Transfer-Encoding: quoted-printable Content-Disposition: inline MIME-Version: 1.0
[14-Oct-2016 13:09:03 UTC] mail() on [/home/magec/public_html/lib/Zend/Mail/Transport/Sendmail.php:128]: To: =?utf-8?B?bWFuanUuc29mdHByb2RpZ3lAZ21haWwuY29tIG1hbmp1LnNvZnRwcm9kaWd5QGdtYWlsLmNvbQ==?= <manju.softprodigy@gmail.com> -- Headers: From: Chidiyaa <hello@chidiyaa.com> Date: Fri, 14 Oct 2016 13:09:03 +0000 Content-Type: text/html; charset=utf-8 Content-Transfer-Encoding: quoted-printable Content-Disposition: inline MIME-Version: 1.0
[14-Oct-2016 13:10:42 UTC] mail() on [/home/magec/public_html/lib/Zend/Mail/Transport/Sendmail.php:128]: To: =?utf-8?B?bWFuanUuc29mdHByb2RpZ3lAZ21haWwuY29tIG1hbmp1LnNvZnRwcm9kaWd5QGdtYWlsLmNvbQ==?= <manju.softprodigy@gmail.com> -- Headers: From: Chidiyaa <hello@chidiyaa.com> Date: Fri, 14 Oct 2016 13:10:42 +0000 Content-Type: text/html; charset=utf-8 Content-Transfer-Encoding: quoted-printable Content-Disposition: inline MIME-Version: 1.0
[14-Oct-2016 13:40:09 UTC] mail() on [/home/magec/public_html/lib/Zend/Mail/Transport/Sendmail.php:128]: To: =?utf-8?B?dGVzdDFAZ21haWwuY29tIHRlc3QxQGdtYWlsLmNvbQ==?= <test1@gmail.com> -- Headers: From: Chidiyaa <hello@chidiyaa.com> Date: Fri, 14 Oct 2016 13:40:09 +0000 Content-Type: text/html; charset=utf-8 Content-Transfer-Encoding: quoted-printable Content-Disposition: inline MIME-Version: 1.0
[14-Oct-2016 13:43:54 UTC] mail() on [/home/magec/public_html/lib/Zend/Mail/Transport/Sendmail.php:128]: To: =?utf-8?B?dGVzdDEyM0BnbWFpbC5jb20gdGVzdDEyM0BnbWFpbC5jb20=?= <test123@gmail.com> -- Headers: From: Chidiyaa <hello@chidiyaa.com> Date: Fri, 14 Oct 2016 13:43:54 +0000 Content-Type: text/html; charset=utf-8 Content-Transfer-Encoding: quoted-printable Content-Disposition: inline MIME-Version: 1.0
[14-Oct-2016 13:49:06 UTC] mail() on [/home/magec/public_html/lib/Zend/Mail/Transport/Sendmail.php:128]: To: =?utf-8?B?cGF2ZWwuZG9zZXZAc2l0ZWdyb3VuZC5jb20gcGF2ZWwuZG9zZXZAc2l0ZWdyb3VuZC5jb20=?= <pavel.dosev@siteground.com> -- Headers: From: Chidiyaa <hello@chidiyaa.com> Date: Fri, 14 Oct 2016 13:49:06 +0000 Content-Type: text/html; charset=utf-8 Content-Transfer-Encoding: quoted-printable Content-Disposition: inline MIME-Version: 1.0
[14-Oct-2016 13:51:27 UTC] mail() on [/home/magec/public_html/lib/Zend/Mail/Transport/Sendmail.php:128]: To: =?utf-8?B?cGF2ZWwuZG9zZXZAc2l0ZWdyb3VuZC5jb20gcGF2ZWwuZG9zZXZAc2l0ZWdyb3VuZC5jb20=?= <pavel.dosev@siteground.com> -- Headers: From: Chidiyaa <hello@chidiyaa.com> Date: Fri, 14 Oct 2016 13:51:27 +0000 Content-Type: text/html; charset=utf-8 Content-Transfer-Encoding: quoted-printable Content-Disposition: inline MIME-Version: 1.0
[14-Oct-2016 13:53:16 UTC] mail() on [/home/magec/public_html/lib/Zend/Mail/Transport/Sendmail.php:128]: To: =?utf-8?B?cGF2ZWwuZG9zZXZAc2l0ZWdyb3VuZC5jb20gcGF2ZWwuZG9zZXZAc2l0ZWdyb3VuZC5jb20=?= <pavel.dosev@siteground.com> -- Headers: From: Chidiyaa <hello@chidiyaa.com> Date: Fri, 14 Oct 2016 13:53:16 +0000 Content-Type: text/html; charset=utf-8 Content-Transfer-Encoding: quoted-printable Content-Disposition: inline MIME-Version: 1.0
mail() on [/home/magec/public_html/lib/Zend/Mail/Transport/Sendmail.php:128]: To: =?utf-8?B?ZHNhZHNhQGRzYS5jb20gZHNhZHNhQGRzYS5jb20=?= <dsadsa@dsa.com> -- Headers: From: Chidiyaa <hello@chidiyaa.com> Date: Fri, 14 Oct 2016 13:57:04 +0000 Content-Type: text/html; charset=utf-8 Content-Transfer-Encoding: quoted-printable Content-Disposition: inline MIME-Version: 1.0
mail() on [/home/magec/public_html/lib/Zend/Mail/Transport/Sendmail.php:128]: To: =?utf-8?B?c3NzQHNzcy5jb20gc3NzQHNzcy5jb20=?= <sss@sss.com> -- Headers: From: Chidiyaa <hello@chidiyaa.com> Date: Fri, 14 Oct 2016 14:03:00 +0000 Content-Type: text/html; charset=utf-8 Content-Transfer-Encoding: quoted-printable Content-Disposition: inline MIME-Version: 1.0
mail() on [/home/magec/public_html/lib/Zend/Mail/Transport/Sendmail.php:128]: To: =?utf-8?B?c3NzQHNzcy5jb20gc3NzQHNzcy5jb20=?= <sss@sss.com> -- Headers: From: Chidiyaa <hello@chidiyaa.com> Date: Fri, 14 Oct 2016 14:04:51 +0000 Content-Type: text/html; charset=utf-8 Content-Transfer-Encoding: quoted-printable Content-Disposition: inline MIME-Version: 1.0
[14-Oct-2016 14:09:32 UTC] mail() on [/home/magec/public_html/lib/Zend/Mail/Transport/Sendmail.php:128]: To: =?utf-8?B?ZGFzZEBkc2FkZGFzcy5jb20gZGFzZEBkc2FkZGFzcy5jb20=?= <dasd@dsaddass.com> -- Headers: From: Chidiyaa <hello@chidiyaa.com> Date: Fri, 14 Oct 2016 14:09:32 +0000 Content-Type: text/html; charset=utf-8 Content-Transfer-Encoding: quoted-printable Content-Disposition: inline MIME-Version: 1.0
[17-Oct-2016 10:25:01 UTC] mail() on [/home/magec/public_html/lib/Zend/Mail/Transport/Sendmail.php:128]: To: =?utf-8?B?bWFuanVfY2hhdWhhbkBzb2Z0cHJvZGlneS5jb20gbWFuanVfY2hhdWhhbkBzb2Z0cHJvZGlneS5jb20=?= <manju_chauhan@softprodigy.com> -- Headers: From: Chidiyaa <hello@chidiyaa.com> Date: Mon, 17 Oct 2016 10:25:01 +0000 Content-Type: text/html; charset=utf-8 Content-Transfer-Encoding: quoted-printable Content-Disposition: inline MIME-Version: 1.0
[17-Oct-2016 10:38:11 UTC] mail() on [/home/magec/public_html/lib/Zend/Mail/Transport/Sendmail.php:128]: To: =?utf-8?B?bWFuanUuc29mdHByb2RpZ3lAZ21haWwuY29tIG1hbmp1LnNvZnRwcm9kaWd5QGdtYWlsLmNvbQ==?= <manju.softprodigy@gmail.com> -- Headers: From: Chidiyaa <hello@chidiyaa.com> Date: Mon, 17 Oct 2016 10:38:11 +0000 Content-Type: text/html; charset=utf-8 Content-Transfer-Encoding: quoted-printable Content-Disposition: inline MIME-Version: 1.0
[17-Oct-2016 17:14:09 UTC] mail() on [/home/magec/public_html/lib/Zend/Mail/Transport/Sendmail.php:128]: To: =?utf-8?B?bmVlbGFta2Fsb2toZTg4QGdtYWlsLmNvbSBuZWVsYW1rYWxva2hlODhAZ21haWwuY29t?= <neelamkalokhe88@gmail.com> -- Headers: From: Chidiyaa <hello@chidiyaa.com> Date: Mon, 17 Oct 2016 17:14:09 +0000 Content-Type: text/html; charset=utf-8 Content-Transfer-Encoding: quoted-printable Content-Disposition: inline MIME-Version: 1.0
[18-Oct-2016 03:53:07 UTC] mail() on [/home/magec/public_html/lib/Zend/Mail/Transport/Sendmail.php:128]: To: =?utf-8?B?cG9vamEgcmFqcHV0?= <pooji.rajput@gmail.com> -- Headers: From: Chidiyaa <hello@chidiyaa.com> Date: Tue, 18 Oct 2016 03:53:07 +0000 Content-Type: text/html; charset=utf-8 Content-Transfer-Encoding: quoted-printable Content-Disposition: inline MIME-Version: 1.0
[18-Oct-2016 05:30:47 UTC] mail() on [/home/magec/public_html/lib/Zend/Mail/Transport/Sendmail.php:128]: To: =?utf-8?B?aGVsbG8=?= <hello@chidiyaa.com> -- Headers: Reply-To: shrutijainblue@gmail.com From: Chidiyaa <hello@chidiyaa.com> Date: Tue, 18 Oct 2016 05:30:47 +0000 Content-Type: text/plain; charset=utf-8 Content-Transfer-Encoding: quoted-printable Content-Disposition: inline MIME-Version: 1.0
[18-Oct-2016 06:32:32 UTC] mail() on [/home/magec/public_html/lib/Zend/Mail/Transport/Sendmail.php:128]: To: =?utf-8?B?bWFuanVfY2hhdWhhbkBzb2Z0cHJvZGlneS5jb20gbWFuanVfY2hhdWhhbkBzb2Z0cHJvZGlneS5jb20=?= <manju_chauhan@softprodigy.com> -- Headers: From: Chidiyaa <hello@chidiyaa.com> Date: Tue, 18 Oct 2016 06:32:32 +0000 Content-Type: text/html; charset=utf-8 Content-Transfer-Encoding: quoted-printable Content-Disposition: inline MIME-Version: 1.0
[18-Oct-2016 06:46:39 UTC] mail() on [/home/magec/public_html/lib/Zend/Mail/Transport/Sendmail.php:128]: To: =?utf-8?B?bWFuanVfY2hhdWhhbkBzb2Z0cHJvZGlneS5jb20gbWFuanVfY2hhdWhhbkBzb2Z0cHJvZGlneS5jb20=?= <manju_chauhan@softprodigy.com> -- Headers: From: Chidiyaa <hello@chidiyaa.com> Date: Tue, 18 Oct 2016 06:46:39 +0000 Content-Type: text/html; charset=utf-8 Content-Transfer-Encoding: quoted-printable Content-Disposition: inline MIME-Version: 1.0
[18-Oct-2016 06:53:01 UTC] mail() on [/home/magec/public_html/lib/Zend/Mail/Transport/Sendmail.php:128]: To: =?utf-8?B?bWFuanVfY2hhdWhhbkBzb2Z0cHJvZGlneS5jb20gbWFuanVfY2hhdWhhbkBzb2Z0cHJvZGlneS5jb20=?= <manju_chauhan@softprodigy.com> -- Headers: From: Chidiyaa <hello@chidiyaa.com> Date: Tue, 18 Oct 2016 06:53:01 +0000 Content-Type: text/html; charset=utf-8 Content-Transfer-Encoding: quoted-printable Content-Disposition: inline MIME-Version: 1.0
[18-Oct-2016 07:32:38 UTC] mail() on [/home/magec/public_html/lib/Zend/Mail/Transport/Sendmail.php:128]: To: =?utf-8?B?bmFtdGFzaGFoQGdtYWlsLmNvbSBuYW10YXNoYWhAZ21haWwuY29t?= <namtashah@gmail.com> -- Headers: From: Chidiyaa <hello@chidiyaa.com> Date: Tue, 18 Oct 2016 07:32:38 +0000 Content-Type: text/html; charset=utf-8 Content-Transfer-Encoding: quoted-printable Content-Disposition: inline MIME-Version: 1.0
[18-Oct-2016 07:33:37 UTC] mail() on [/home/magec/public_html/lib/Zend/Mail/Transport/Sendmail.php:128]: To: =?utf-8?B?bWFuanVfY2hhdWhhbg==?= <manju_chauhan@softprodigy.com> -- Headers: From: Chidiyaa <hello@chidiyaa.com> Date: Tue, 18 Oct 2016 07:33:37 +0000 Content-Type: text/html; charset=utf-8 Content-Transfer-Encoding: quoted-printable Content-Disposition: inline MIME-Version: 1.0
[18-Oct-2016 11:10:11 UTC] mail() on [/home/magec/public_html/test.php:2]: To: manju.softprodigy@gmail.com -- Headers: 
[18-Oct-2016 11:10:47 UTC] mail() on [/home/magec/public_html/test.php:3]: To: manju.softprodigy@gmail.com -- Headers: 
[25-Oct-2016 05:19:42 UTC] mail() on [/home/magec/public_html/cron.php:49]: To: manju.softprodigy@gmail.com -- Headers: 
[25-Oct-2016 05:19:43 UTC] mail() on [/home/magec/public_html/cron.php:49]: To: manju.softprodigy@gmail.com -- Headers: 
[25-Oct-2016 05:19:43 UTC] mail() on [/home/magec/public_html/cron.php:49]: To: manju.softprodigy@gmail.com -- Headers: 
[25-Oct-2016 05:20:03 UTC] mail() on [/home/magec/public_html/cron.php:49]: To: manju.softprodigy@gmail.com -- Headers: 
[25-Oct-2016 05:20:03 UTC] mail() on [/home/magec/public_html/cron.php:49]: To: manju.softprodigy@gmail.com -- Headers: 
[25-Oct-2016 05:27:47 UTC] mail() on [/home/magec/public_html/cron.php:49]: To: manju.softprodigy@gmail.com -- Headers: 
[25-Oct-2016 05:27:48 UTC] mail() on [/home/magec/public_html/cron.php:49]: To: manju.softprodigy@gmail.com -- Headers: 
[25-Oct-2016 05:30:41 UTC] mail() on [/home/magec/public_html/cron.php:49]: To: manju.softprodigy@gmail.com -- Headers: 
[25-Oct-2016 05:30:41 UTC] mail() on [/home/magec/public_html/cron.php:49]: To: manju.softprodigy@gmail.com -- Headers: 
[25-Oct-2016 05:30:41 UTC] mail() on [/home/magec/public_html/cron.php:49]: To: manju.softprodigy@gmail.com -- Headers: 
[25-Oct-2016 06:00:01 UTC] mail() on [/home/magec/public_html/cron.php:49]: To: manju.softprodigy@gmail.com -- Headers: 
[25-Oct-2016 06:00:02 UTC] mail() on [/home/magec/public_html/cron.php:49]: To: manju.softprodigy@gmail.com -- Headers: 
[25-Oct-2016 06:00:02 UTC] mail() on [/home/magec/public_html/cron.php:49]: To: manju.softprodigy@gmail.com -- Headers: 
[25-Oct-2016 06:09:48 UTC] mail() on [/home/magec/public_html/cron.php:49]: To: manju.softprodigy@gmail.com -- Headers: 
[25-Oct-2016 06:09:49 UTC] mail() on [/home/magec/public_html/cron.php:49]: To: manju.softprodigy@gmail.com -- Headers: 
[25-Oct-2016 06:09:49 UTC] mail() on [/home/magec/public_html/cron.php:49]: To: manju.softprodigy@gmail.com -- Headers: 
[25-Oct-2016 06:12:30 UTC] mail() on [/home/magec/public_html/cron.php:49]: To: manju.softprodigy@gmail.com -- Headers: 
[25-Oct-2016 06:12:30 UTC] mail() on [/home/magec/public_html/cron.php:49]: To: manju.softprodigy@gmail.com -- Headers: 
[25-Oct-2016 06:12:30 UTC] mail() on [/home/magec/public_html/cron.php:49]: To: manju.softprodigy@gmail.com -- Headers: 
[25-Oct-2016 06:16:03 UTC] mail() on [/home/magec/public_html/cron.php:49]: To: manju.softprodigy@gmail.com -- Headers: 
[25-Oct-2016 06:16:04 UTC] mail() on [/home/magec/public_html/cron.php:49]: To: manju.softprodigy@gmail.com -- Headers: 
[25-Oct-2016 06:16:04 UTC] mail() on [/home/magec/public_html/cron.php:49]: To: manju.softprodigy@gmail.com -- Headers: 
[25-Oct-2016 06:30:01 UTC] mail() on [/home/magec/public_html/cron.php:49]: To: manju.softprodigy@gmail.com -- Headers: 
[25-Oct-2016 06:30:02 UTC] mail() on [/home/magec/public_html/cron.php:49]: To: manju.softprodigy@gmail.com -- Headers: 
[25-Oct-2016 06:30:02 UTC] mail() on [/home/magec/public_html/cron.php:49]: To: manju.softprodigy@gmail.com -- Headers: 
[25-Oct-2016 07:00:02 UTC] mail() on [/home/magec/public_html/cron.php:49]: To: manju.softprodigy@gmail.com -- Headers: 
[25-Oct-2016 07:00:03 UTC] mail() on [/home/magec/public_html/cron.php:49]: To: manju.softprodigy@gmail.com -- Headers: 
[25-Oct-2016 07:00:03 UTC] mail() on [/home/magec/public_html/cron.php:49]: To: manju.softprodigy@gmail.com -- Headers: 
[25-Oct-2016 07:15:02 UTC] mail() on [/home/magec/public_html/cron.php:49]: To: manju.softprodigy@gmail.com -- Headers: 
[25-Oct-2016 07:15:03 UTC] mail() on [/home/magec/public_html/cron.php:49]: To: manju.softprodigy@gmail.com -- Headers: 
[25-Oct-2016 07:15:03 UTC] mail() on [/home/magec/public_html/cron.php:49]: To: manju.softprodigy@gmail.com -- Headers: 
[25-Oct-2016 07:20:01 UTC] mail() on [/home/magec/public_html/cron.php:49]: To: manju.softprodigy@gmail.com -- Headers: 
[25-Oct-2016 07:20:02 UTC] mail() on [/home/magec/public_html/cron.php:49]: To: manju.softprodigy@gmail.com -- Headers: 
[25-Oct-2016 07:20:02 UTC] mail() on [/home/magec/public_html/cron.php:49]: To: manju.softprodigy@gmail.com -- Headers: 
[25-Oct-2016 07:25:01 UTC] mail() on [/home/magec/public_html/cron.php:49]: To: manju.softprodigy@gmail.com -- Headers: 
[25-Oct-2016 07:25:02 UTC] mail() on [/home/magec/public_html/cron.php:49]: To: manju.softprodigy@gmail.com -- Headers: 
[25-Oct-2016 07:25:02 UTC] mail() on [/home/magec/public_html/cron.php:49]: To: manju.softprodigy@gmail.com -- Headers: 
[25-Oct-2016 07:30:02 UTC] mail() on [/home/magec/public_html/cron.php:49]: To: manju.softprodigy@gmail.com -- Headers: 
[25-Oct-2016 07:30:03 UTC] mail() on [/home/magec/public_html/cron.php:49]: To: manju.softprodigy@gmail.com -- Headers: 
[25-Oct-2016 07:30:03 UTC] mail() on [/home/magec/public_html/cron.php:49]: To: manju.softprodigy@gmail.com -- Headers: 
[25-Oct-2016 07:35:02 UTC] mail() on [/home/magec/public_html/cron.php:49]: To: manju.softprodigy@gmail.com -- Headers: 
[25-Oct-2016 07:35:02 UTC] mail() on [/home/magec/public_html/cron.php:49]: To: manju.softprodigy@gmail.com -- Headers: 
[25-Oct-2016 07:35:02 UTC] mail() on [/home/magec/public_html/cron.php:49]: To: manju.softprodigy@gmail.com -- Headers: 
[25-Oct-2016 07:40:01 UTC] mail() on [/home/magec/public_html/cron.php:49]: To: manju.softprodigy@gmail.com -- Headers: 
[25-Oct-2016 07:40:02 UTC] mail() on [/home/magec/public_html/cron.php:49]: To: manju.softprodigy@gmail.com -- Headers: 
[25-Oct-2016 07:40:02 UTC] mail() on [/home/magec/public_html/cron.php:49]: To: manju.softprodigy@gmail.com -- Headers: 
[25-Oct-2016 07:45:01 UTC] mail() on [/home/magec/public_html/cron.php:49]: To: manju.softprodigy@gmail.com -- Headers: 
[25-Oct-2016 07:45:02 UTC] mail() on [/home/magec/public_html/cron.php:49]: To: manju.softprodigy@gmail.com -- Headers: 
[25-Oct-2016 07:45:02 UTC] mail() on [/home/magec/public_html/cron.php:49]: To: manju.softprodigy@gmail.com -- Headers: 
[25-Oct-2016 07:50:01 UTC] mail() on [/home/magec/public_html/cron.php:49]: To: manju.softprodigy@gmail.com -- Headers: 
[25-Oct-2016 07:50:01 UTC] mail() on [/home/magec/public_html/cron.php:49]: To: manju.softprodigy@gmail.com -- Headers: 
[25-Oct-2016 07:50:02 UTC] mail() on [/home/magec/public_html/cron.php:49]: To: manju.softprodigy@gmail.com -- Headers: 
[25-Oct-2016 07:55:01 UTC] mail() on [/home/magec/public_html/cron.php:49]: To: manju.softprodigy@gmail.com -- Headers: 
[25-Oct-2016 07:55:01 UTC] mail() on [/home/magec/public_html/cron.php:49]: To: manju.softprodigy@gmail.com -- Headers: 
[25-Oct-2016 07:55:01 UTC] mail() on [/home/magec/public_html/cron.php:49]: To: manju.softprodigy@gmail.com -- Headers: 
[25-Oct-2016 08:00:02 UTC] mail() on [/home/magec/public_html/cron.php:49]: To: manju.softprodigy@gmail.com -- Headers: 
[25-Oct-2016 08:00:04 UTC] mail() on [/home/magec/public_html/cron.php:49]: To: manju.softprodigy@gmail.com -- Headers: 
[25-Oct-2016 08:00:04 UTC] mail() on [/home/magec/public_html/cron.php:49]: To: manju.softprodigy@gmail.com -- Headers: 
[25-Oct-2016 08:05:01 UTC] mail() on [/home/magec/public_html/cron.php:49]: To: manju.softprodigy@gmail.com -- Headers: 
[25-Oct-2016 08:05:01 UTC] mail() on [/home/magec/public_html/cron.php:49]: To: manju.softprodigy@gmail.com -- Headers: 
[25-Oct-2016 08:05:01 UTC] mail() on [/home/magec/public_html/cron.php:49]: To: manju.softprodigy@gmail.com -- Headers: 
[25-Oct-2016 08:10:01 UTC] mail() on [/home/magec/public_html/cron.php:49]: To: manju.softprodigy@gmail.com -- Headers: 
[25-Oct-2016 08:10:02 UTC] mail() on [/home/magec/public_html/cron.php:49]: To: manju.softprodigy@gmail.com -- Headers: 
[25-Oct-2016 08:10:02 UTC] mail() on [/home/magec/public_html/cron.php:49]: To: manju.softprodigy@gmail.com -- Headers: 
[25-Oct-2016 08:15:01 UTC] mail() on [/home/magec/public_html/cron.php:49]: To: manju.softprodigy@gmail.com -- Headers: 
[25-Oct-2016 08:15:02 UTC] mail() on [/home/magec/public_html/cron.php:49]: To: manju.softprodigy@gmail.com -- Headers: 
[25-Oct-2016 08:15:02 UTC] mail() on [/home/magec/public_html/cron.php:49]: To: manju.softprodigy@gmail.com -- Headers: 
[25-Oct-2016 08:20:02 UTC] mail() on [/home/magec/public_html/cron.php:49]: To: manju.softprodigy@gmail.com -- Headers: 
[25-Oct-2016 08:20:02 UTC] mail() on [/home/magec/public_html/cron.php:49]: To: manju.softprodigy@gmail.com -- Headers: 
[25-Oct-2016 08:20:02 UTC] mail() on [/home/magec/public_html/cron.php:49]: To: manju.softprodigy@gmail.com -- Headers: 
[25-Oct-2016 08:25:01 UTC] mail() on [/home/magec/public_html/cron.php:49]: To: manju.softprodigy@gmail.com -- Headers: 
[25-Oct-2016 08:25:01 UTC] mail() on [/home/magec/public_html/cron.php:49]: To: manju.softprodigy@gmail.com -- Headers: 
[25-Oct-2016 08:25:02 UTC] mail() on [/home/magec/public_html/cron.php:49]: To: manju.softprodigy@gmail.com -- Headers: 
[25-Oct-2016 08:30:01 UTC] mail() on [/home/magec/public_html/cron.php:49]: To: manju.softprodigy@gmail.com -- Headers: 
[25-Oct-2016 08:30:02 UTC] mail() on [/home/magec/public_html/cron.php:49]: To: manju.softprodigy@gmail.com -- Headers: 
[25-Oct-2016 08:30:02 UTC] mail() on [/home/magec/public_html/cron.php:49]: To: manju.softprodigy@gmail.com -- Headers: 
[25-Oct-2016 08:35:01 UTC] mail() on [/home/magec/public_html/cron.php:49]: To: manju.softprodigy@gmail.com -- Headers: 
[25-Oct-2016 08:35:02 UTC] mail() on [/home/magec/public_html/cron.php:49]: To: manju.softprodigy@gmail.com -- Headers: 
[25-Oct-2016 08:35:02 UTC] mail() on [/home/magec/public_html/cron.php:49]: To: manju.softprodigy@gmail.com -- Headers: 
[25-Oct-2016 08:40:02 UTC] mail() on [/home/magec/public_html/cron.php:49]: To: manju.softprodigy@gmail.com -- Headers: 
[25-Oct-2016 08:40:02 UTC] mail() on [/home/magec/public_html/cron.php:49]: To: manju.softprodigy@gmail.com -- Headers: 
[25-Oct-2016 08:40:02 UTC] mail() on [/home/magec/public_html/cron.php:49]: To: manju.softprodigy@gmail.com -- Headers: 
[25-Oct-2016 08:45:02 UTC] mail() on [/home/magec/public_html/cron.php:49]: To: manju.softprodigy@gmail.com -- Headers: 
[25-Oct-2016 08:45:02 UTC] mail() on [/home/magec/public_html/cron.php:49]: To: manju.softprodigy@gmail.com -- Headers: 
[25-Oct-2016 08:45:02 UTC] mail() on [/home/magec/public_html/cron.php:49]: To: manju.softprodigy@gmail.com -- Headers: 
[25-Oct-2016 08:50:01 UTC] mail() on [/home/magec/public_html/cron.php:49]: To: manju.softprodigy@gmail.com -- Headers: 
[25-Oct-2016 08:50:02 UTC] mail() on [/home/magec/public_html/cron.php:49]: To: manju.softprodigy@gmail.com -- Headers: 
[25-Oct-2016 08:50:02 UTC] mail() on [/home/magec/public_html/cron.php:49]: To: manju.softprodigy@gmail.com -- Headers: 
[25-Oct-2016 08:55:02 UTC] mail() on [/home/magec/public_html/cron.php:49]: To: manju.softprodigy@gmail.com -- Headers: 
[25-Oct-2016 08:55:02 UTC] mail() on [/home/magec/public_html/cron.php:49]: To: manju.softprodigy@gmail.com -- Headers: 
[25-Oct-2016 08:55:02 UTC] mail() on [/home/magec/public_html/cron.php:49]: To: manju.softprodigy@gmail.com -- Headers: 
[25-Oct-2016 09:00:02 UTC] mail() on [/home/magec/public_html/cron.php:49]: To: manju.softprodigy@gmail.com -- Headers: 
[25-Oct-2016 09:00:03 UTC] mail() on [/home/magec/public_html/cron.php:49]: To: manju.softprodigy@gmail.com -- Headers: 
[25-Oct-2016 09:00:03 UTC] mail() on [/home/magec/public_html/cron.php:49]: To: manju.softprodigy@gmail.com -- Headers: 
[25-Oct-2016 09:05:02 UTC] mail() on [/home/magec/public_html/cron.php:49]: To: manju.softprodigy@gmail.com -- Headers: 
[25-Oct-2016 09:05:02 UTC] mail() on [/home/magec/public_html/cron.php:49]: To: manju.softprodigy@gmail.com -- Headers: 
[25-Oct-2016 09:05:02 UTC] mail() on [/home/magec/public_html/cron.php:49]: To: manju.softprodigy@gmail.com -- Headers: 
[25-Oct-2016 09:10:01 UTC] mail() on [/home/magec/public_html/cron.php:49]: To: manju.softprodigy@gmail.com -- Headers: 
[25-Oct-2016 09:10:02 UTC] mail() on [/home/magec/public_html/cron.php:49]: To: manju.softprodigy@gmail.com -- Headers: 
[25-Oct-2016 09:10:02 UTC] mail() on [/home/magec/public_html/cron.php:49]: To: manju.softprodigy@gmail.com -- Headers: 
[25-Oct-2016 09:15:02 UTC] mail() on [/home/magec/public_html/cron.php:49]: To: manju.softprodigy@gmail.com -- Headers: 
[25-Oct-2016 09:15:02 UTC] mail() on [/home/magec/public_html/cron.php:49]: To: manju.softprodigy@gmail.com -- Headers: 
[25-Oct-2016 09:15:02 UTC] mail() on [/home/magec/public_html/cron.php:49]: To: manju.softprodigy@gmail.com -- Headers: 
[25-Oct-2016 09:20:02 UTC] mail() on [/home/magec/public_html/cron.php:49]: To: manju.softprodigy@gmail.com -- Headers: 
[25-Oct-2016 09:20:02 UTC] mail() on [/home/magec/public_html/cron.php:49]: To: manju.softprodigy@gmail.com -- Headers: 
[25-Oct-2016 09:20:02 UTC] mail() on [/home/magec/public_html/cron.php:49]: To: manju.softprodigy@gmail.com -- Headers: 
[25-Oct-2016 09:25:02 UTC] mail() on [/home/magec/public_html/cron.php:49]: To: manju.softprodigy@gmail.com -- Headers: 
[25-Oct-2016 09:25:02 UTC] mail() on [/home/magec/public_html/cron.php:49]: To: manju.softprodigy@gmail.com -- Headers: 
[25-Oct-2016 09:25:02 UTC] mail() on [/home/magec/public_html/cron.php:49]: To: manju.softprodigy@gmail.com -- Headers: 
[25-Oct-2016 09:30:02 UTC] mail() on [/home/magec/public_html/cron.php:49]: To: manju.softprodigy@gmail.com -- Headers: 
[25-Oct-2016 09:30:03 UTC] mail() on [/home/magec/public_html/cron.php:49]: To: manju.softprodigy@gmail.com -- Headers: 
[25-Oct-2016 09:30:03 UTC] mail() on [/home/magec/public_html/cron.php:49]: To: manju.softprodigy@gmail.com -- Headers: 
[25-Oct-2016 09:35:01 UTC] mail() on [/home/magec/public_html/cron.php:49]: To: manju.softprodigy@gmail.com -- Headers: 
[25-Oct-2016 09:35:02 UTC] mail() on [/home/magec/public_html/cron.php:49]: To: manju.softprodigy@gmail.com -- Headers: 
[25-Oct-2016 09:35:02 UTC] mail() on [/home/magec/public_html/cron.php:49]: To: manju.softprodigy@gmail.com -- Headers: 
[25-Oct-2016 09:40:02 UTC] mail() on [/home/magec/public_html/cron.php:49]: To: manju.softprodigy@gmail.com -- Headers: 
[25-Oct-2016 09:40:03 UTC] mail() on [/home/magec/public_html/cron.php:49]: To: manju.softprodigy@gmail.com -- Headers: 
[25-Oct-2016 09:40:03 UTC] mail() on [/home/magec/public_html/cron.php:49]: To: manju.softprodigy@gmail.com -- Headers: 
[25-Oct-2016 09:45:01 UTC] mail() on [/home/magec/public_html/cron.php:49]: To: manju.softprodigy@gmail.com -- Headers: 
[25-Oct-2016 09:45:02 UTC] mail() on [/home/magec/public_html/cron.php:49]: To: manju.softprodigy@gmail.com -- Headers: 
[25-Oct-2016 09:45:02 UTC] mail() on [/home/magec/public_html/cron.php:49]: To: manju.softprodigy@gmail.com -- Headers: 
[25-Oct-2016 09:50:01 UTC] mail() on [/home/magec/public_html/cron.php:49]: To: manju.softprodigy@gmail.com -- Headers: 
[25-Oct-2016 09:50:02 UTC] mail() on [/home/magec/public_html/cron.php:49]: To: manju.softprodigy@gmail.com -- Headers: 
[25-Oct-2016 09:50:02 UTC] mail() on [/home/magec/public_html/cron.php:49]: To: manju.softprodigy@gmail.com -- Headers: 
[25-Oct-2016 09:55:01 UTC] mail() on [/home/magec/public_html/cron.php:49]: To: manju.softprodigy@gmail.com -- Headers: 
[25-Oct-2016 09:55:02 UTC] mail() on [/home/magec/public_html/cron.php:49]: To: manju.softprodigy@gmail.com -- Headers: 
[25-Oct-2016 09:55:02 UTC] mail() on [/home/magec/public_html/cron.php:49]: To: manju.softprodigy@gmail.com -- Headers: 
[25-Oct-2016 10:00:02 UTC] mail() on [/home/magec/public_html/cron.php:49]: To: manju.softprodigy@gmail.com -- Headers: 
[25-Oct-2016 10:00:03 UTC] mail() on [/home/magec/public_html/cron.php:49]: To: manju.softprodigy@gmail.com -- Headers: 
[25-Oct-2016 10:00:03 UTC] mail() on [/home/magec/public_html/cron.php:49]: To: manju.softprodigy@gmail.com -- Headers: 
[25-Oct-2016 10:05:01 UTC] mail() on [/home/magec/public_html/cron.php:49]: To: manju.softprodigy@gmail.com -- Headers: 
[25-Oct-2016 10:05:02 UTC] mail() on [/home/magec/public_html/cron.php:49]: To: manju.softprodigy@gmail.com -- Headers: 
[25-Oct-2016 10:05:02 UTC] mail() on [/home/magec/public_html/cron.php:49]: To: manju.softprodigy@gmail.com -- Headers: 
[25-Oct-2016 10:10:01 UTC] mail() on [/home/magec/public_html/cron.php:49]: To: manju.softprodigy@gmail.com -- Headers: 
[25-Oct-2016 10:10:02 UTC] mail() on [/home/magec/public_html/cron.php:49]: To: manju.softprodigy@gmail.com -- Headers: 
[25-Oct-2016 10:10:02 UTC] mail() on [/home/magec/public_html/cron.php:49]: To: manju.softprodigy@gmail.com -- Headers: 
[25-Oct-2016 10:12:08 UTC] mail() on [/home/magec/public_html/cron.php:49]: To: manju.softprodigy@gmail.com -- Headers: 
[25-Oct-2016 10:12:08 UTC] mail() on [/home/magec/public_html/cron.php:49]: To: manju.softprodigy@gmail.com -- Headers: 
[25-Oct-2016 10:12:08 UTC] mail() on [/home/magec/public_html/cron.php:49]: To: manju.softprodigy@gmail.com -- Headers: 
[25-Oct-2016 10:15:01 UTC] mail() on [/home/magec/public_html/cron.php:49]: To: manju.softprodigy@gmail.com -- Headers: 
[25-Oct-2016 10:15:02 UTC] mail() on [/home/magec/public_html/cron.php:49]: To: manju.softprodigy@gmail.com -- Headers: 
[25-Oct-2016 10:15:02 UTC] mail() on [/home/magec/public_html/cron.php:49]: To: manju.softprodigy@gmail.com -- Headers: 
[25-Oct-2016 10:20:01 UTC] mail() on [/home/magec/public_html/cron.php:49]: To: manju.softprodigy@gmail.com -- Headers: 
[25-Oct-2016 10:20:01 UTC] mail() on [/home/magec/public_html/cron.php:49]: To: manju.softprodigy@gmail.com -- Headers: 
[25-Oct-2016 10:20:02 UTC] mail() on [/home/magec/public_html/cron.php:49]: To: manju.softprodigy@gmail.com -- Headers: 
[27-Oct-2016 05:55:01 UTC] mail() on [/home/magec/public_html/cron.php:52]: To: manju.softprodigy@gmail.com -- Headers: 
[27-Oct-2016 05:55:02 UTC] mail() on [/home/magec/public_html/cron.php:52]: To: manju.softprodigy@gmail.com -- Headers: 
[27-Oct-2016 05:55:03 UTC] mail() on [/home/magec/public_html/cron.php:52]: To: manju.softprodigy@gmail.com -- Headers: 
[27-Oct-2016 06:00:01 UTC] mail() on [/home/magec/public_html/cron.php:52]: To: manju.softprodigy@gmail.com -- Headers: 
[27-Oct-2016 06:00:02 UTC] mail() on [/home/magec/public_html/cron.php:52]: To: manju.softprodigy@gmail.com -- Headers: 
[27-Oct-2016 06:00:03 UTC] mail() on [/home/magec/public_html/cron.php:52]: To: manju.softprodigy@gmail.com -- Headers: 
[27-Oct-2016 06:05:02 UTC] mail() on [/home/magec/public_html/cron.php:52]: To: manju.softprodigy@gmail.com -- Headers: 
[27-Oct-2016 06:05:02 UTC] mail() on [/home/magec/public_html/cron.php:52]: To: manju.softprodigy@gmail.com -- Headers: 
[27-Oct-2016 06:05:04 UTC] mail() on [/home/magec/public_html/cron.php:52]: To: manju.softprodigy@gmail.com -- Headers: 
[27-Oct-2016 06:10:02 UTC] mail() on [/home/magec/public_html/cron.php:52]: To: manju.softprodigy@gmail.com -- Headers: 
[27-Oct-2016 06:10:02 UTC] mail() on [/home/magec/public_html/cron.php:52]: To: manju.softprodigy@gmail.com -- Headers: 
[27-Oct-2016 06:10:03 UTC] mail() on [/home/magec/public_html/cron.php:52]: To: manju.softprodigy@gmail.com -- Headers: 
[27-Oct-2016 06:15:01 UTC] mail() on [/home/magec/public_html/cron.php:52]: To: manju.softprodigy@gmail.com -- Headers: 
[27-Oct-2016 06:15:02 UTC] mail() on [/home/magec/public_html/cron.php:52]: To: manju.softprodigy@gmail.com -- Headers: 
[27-Oct-2016 06:15:03 UTC] mail() on [/home/magec/public_html/cron.php:52]: To: manju.softprodigy@gmail.com -- Headers: 
[27-Oct-2016 06:20:02 UTC] mail() on [/home/magec/public_html/cron.php:52]: To: manju.softprodigy@gmail.com -- Headers: 
[27-Oct-2016 06:20:03 UTC] mail() on [/home/magec/public_html/cron.php:52]: To: manju.softprodigy@gmail.com -- Headers: 
[27-Oct-2016 06:20:04 UTC] mail() on [/home/magec/public_html/cron.php:52]: To: manju.softprodigy@gmail.com -- Headers: 
[27-Oct-2016 06:25:02 UTC] mail() on [/home/magec/public_html/cron.php:52]: To: manju.softprodigy@gmail.com -- Headers: 
[27-Oct-2016 06:25:02 UTC] mail() on [/home/magec/public_html/cron.php:52]: To: manju.softprodigy@gmail.com -- Headers: 
[27-Oct-2016 06:25:03 UTC] mail() on [/home/magec/public_html/cron.php:52]: To: manju.softprodigy@gmail.com -- Headers: 
[27-Oct-2016 06:30:01 UTC] mail() on [/home/magec/public_html/cron.php:52]: To: manju.softprodigy@gmail.com -- Headers: 
[27-Oct-2016 06:30:02 UTC] mail() on [/home/magec/public_html/cron.php:52]: To: manju.softprodigy@gmail.com -- Headers: 
[27-Oct-2016 06:30:04 UTC] mail() on [/home/magec/public_html/cron.php:52]: To: manju.softprodigy@gmail.com -- Headers: 
[27-Oct-2016 06:35:02 UTC] mail() on [/home/magec/public_html/cron.php:52]: To: manju.softprodigy@gmail.com -- Headers: 
[27-Oct-2016 06:35:03 UTC] mail() on [/home/magec/public_html/cron.php:52]: To: manju.softprodigy@gmail.com -- Headers: 
[27-Oct-2016 06:35:04 UTC] mail() on [/home/magec/public_html/cron.php:52]: To: manju.softprodigy@gmail.com -- Headers: 
[27-Oct-2016 06:40:02 UTC] mail() on [/home/magec/public_html/cron.php:52]: To: manju.softprodigy@gmail.com -- Headers: 
[27-Oct-2016 06:40:03 UTC] mail() on [/home/magec/public_html/cron.php:52]: To: manju.softprodigy@gmail.com -- Headers: 
[27-Oct-2016 06:40:04 UTC] mail() on [/home/magec/public_html/cron.php:52]: To: manju.softprodigy@gmail.com -- Headers: 
[27-Oct-2016 06:45:01 UTC] mail() on [/home/magec/public_html/cron.php:52]: To: manju.softprodigy@gmail.com -- Headers: 
[27-Oct-2016 06:45:01 UTC] mail() on [/home/magec/public_html/cron.php:52]: To: manju.softprodigy@gmail.com -- Headers: 
[27-Oct-2016 06:45:03 UTC] mail() on [/home/magec/public_html/cron.php:52]: To: manju.softprodigy@gmail.com -- Headers: 
